# JRE version: OpenJDK Runtime Environment Temurin-21.0.8+9 (21.0.8+9) (build 21.0.8+9-LTS)
# Java VM: OpenJDK 64-Bit Server VM Temurin-21.0.8+9 (21.0.8+9-LTS, mixed mode, sharing, tiered, compressed oops, compressed class ptrs, g1 gc, windows-aarch64)
GC Precious Log:
 CardTable entry size: 512
 Card Set container configuration: InlinePtr #cards 4 size 8 Array Of Cards #cards 16 size 48 Howl #buckets 8 coarsen threshold 3686 Howl Bitmap #cards 512 size 80 coarsen threshold 460 Card regions per heap region 1 cards per card region 4096
 CPUs: 8 total, 8 available
 Memory: 11742M
 Large Page Support: Disabled
 NUMA Support: Disabled
 Compressed Oops: Enabled (Zero based)
 Heap Region Size: 2M
 Heap Min Capacity: 8M
 Heap Initial Capacity: 184M
 Heap Max Capacity: 2936M
 Pre-touch: Disabled
 Parallel Workers: 8
 Concurrent Workers: 2
 Concurrent Refinement Workers: 8
 Periodic GC: Disabled
Heap:
 garbage-first heap   total 210944K, used 178362K [0x0000000748800000, 0x0000000800000000)
  region size 2048K, 53 young (108544K), 1 survivors (2048K)
 Metaspace       used 29579K, committed 29952K, reserved 1114112K
  class space    used 3234K, committed 3392K, reserved 1048576K
GC Heap History (20 events):
Event: 2.164 GC heap before
{Heap before GC invocations=1 (full 0):
 garbage-first heap   total 188416K, used 34848K [0x0000000748800000, 0x0000000800000000)
  region size 2048K, 17 young (34816K), 2 survivors (4096K)
 Metaspace       used 6783K, committed 6976K, reserved 1114112K
  class space    used 690K, committed 768K, reserved 1048576K
}
Event: 2.178 GC heap after
{Heap after GC invocations=2 (full 0):
 garbage-first heap   total 188416K, used 10304K [0x0000000748800000, 0x0000000800000000)
  region size 2048K, 3 young (6144K), 3 survivors (6144K)
 Metaspace       used 6783K, committed 6976K, reserved 1114112K
  class space    used 690K, committed 768K, reserved 1048576K
}
Event: 15.124 GC heap before
{Heap before GC invocations=2 (full 0):
 garbage-first heap   total 188416K, used 73792K [0x0000000748800000, 0x0000000800000000)
  region size 2048K, 35 young (71680K), 3 survivors (6144K)
 Metaspace       used 20338K, committed 20736K, reserved 1114112K
  class space    used 2310K, committed 2496K, reserved 1048576K
}
Event: 15.156 GC heap after
{Heap after GC invocations=3 (full 0):
 garbage-first heap   total 188416K, used 20913K [0x0000000748800000, 0x0000000800000000)
  region size 2048K, 5 young (10240K), 5 survivors (10240K)
 Metaspace       used 20338K, committed 20736K, reserved 1114112K
  class space    used 2310K, committed 2496K, reserved 1048576K
}
Event: 35.065 GC heap before
{Heap before GC invocations=3 (full 0):
 garbage-first heap   total 188416K, used 72113K [0x0000000748800000, 0x0000000800000000)
  region size 2048K, 15 young (30720K), 5 survivors (10240K)
 Metaspace       used 21181K, committed 21504K, reserved 1114112K
  class space    used 2387K, committed 2560K, reserved 1048576K
}
Event: 35.083 GC heap after
{Heap after GC invocations=4 (full 0):
 garbage-first heap   total 188416K, used 53567K [0x0000000748800000, 0x0000000800000000)
  region size 2048K, 1 young (2048K), 1 survivors (2048K)
 Metaspace       used 21181K, committed 21504K, reserved 1114112K
  class space    used 2387K, committed 2560K, reserved 1048576K
}
Event: 221.945 GC heap before
{Heap before GC invocations=5 (full 0):
 garbage-first heap   total 210944K, used 196927K [0x0000000748800000, 0x0000000800000000)
  region size 2048K, 45 young (92160K), 1 survivors (2048K)
 Metaspace       used 28554K, committed 28992K, reserved 1114112K
  class space    used 3207K, committed 3392K, reserved 1048576K
}
Event: 221.954 GC heap after
{Heap after GC invocations=6 (full 0):
 garbage-first heap   total 210944K, used 94736K [0x0000000748800000, 0x0000000800000000)
  region size 2048K, 4 young (8192K), 4 survivors (8192K)
 Metaspace       used 28554K, committed 28992K, reserved 1114112K
  class space    used 3207K, committed 3392K, reserved 1048576K
}
Event: 833.283 GC heap before
{Heap before GC invocations=6 (full 0):
 garbage-first heap   total 210944K, used 190992K [0x0000000748800000, 0x0000000800000000)
  region size 2048K, 44 young (90112K), 4 survivors (8192K)
 Metaspace       used 28922K, committed 29312K, reserved 1114112K
  class space    used 3222K, committed 3392K, reserved 1048576K
}
Event: 833.292 GC heap after
{Heap after GC invocations=7 (full 0):
 garbage-first heap   total 210944K, used 80511K [0x0000000748800000, 0x0000000800000000)
  region size 2048K, 4 young (8192K), 4 survivors (8192K)
 Metaspace       used 28922K, committed 29312K, reserved 1114112K
  class space    used 3222K, committed 3392K, reserved 1048576K
}
Event: 834.334 GC heap before
{Heap before GC invocations=7 (full 0):
 garbage-first heap   total 210944K, used 170623K [0x0000000748800000, 0x0000000800000000)
  region size 2048K, 49 young (100352K), 4 survivors (8192K)
 Metaspace       used 28976K, committed 29312K, reserved 1114112K
  class space    used 3227K, committed 3392K, reserved 1048576K
}
Event: 834.371 GC heap after
{Heap after GC invocations=8 (full 0):
 garbage-first heap   total 210944K, used 90788K [0x0000000748800000, 0x0000000800000000)
  region size 2048K, 7 young (14336K), 7 survivors (14336K)
 Metaspace       used 28976K, committed 29312K, reserved 1114112K
  class space    used 3227K, committed 3392K, reserved 1048576K
}
Event: 844.435 GC heap before
{Heap before GC invocations=8 (full 0):
 garbage-first heap   total 210944K, used 176804K [0x0000000748800000, 0x0000000800000000)
  region size 2048K, 48 young (98304K), 7 survivors (14336K)
 Metaspace       used 29045K, committed 29440K, reserved 1114112K
  class space    used 3232K, committed 3392K, reserved 1048576K
}
Event: 844.450 GC heap after
{Heap after GC invocations=9 (full 0):
 garbage-first heap   total 210944K, used 81361K [0x0000000748800000, 0x0000000800000000)
  region size 2048K, 2 young (4096K), 2 survivors (4096K)
 Metaspace       used 29045K, committed 29440K, reserved 1114112K
  class space    used 3232K, committed 3392K, reserved 1048576K
}
Event: 882.736 GC heap before
{Heap before GC invocations=9 (full 0):
 garbage-first heap   total 210944K, used 181713K [0x0000000748800000, 0x0000000800000000)
  region size 2048K, 51 young (104448K), 2 survivors (4096K)
 Metaspace       used 29279K, committed 29632K, reserved 1114112K
  class space    used 3232K, committed 3392K, reserved 1048576K
}
Event: 882.738 GC heap after
{Heap after GC invocations=10 (full 0):
 garbage-first heap   total 210944K, used 76401K [0x0000000748800000, 0x0000000800000000)
  region size 2048K, 1 young (2048K), 1 survivors (2048K)
 Metaspace       used 29279K, committed 29632K, reserved 1114112K
  class space    used 3232K, committed 3392K, reserved 1048576K
}
Event: 916.408 GC heap before
{Heap before GC invocations=10 (full 0):
 garbage-first heap   total 210944K, used 186993K [0x0000000748800000, 0x0000000800000000)
  region size 2048K, 55 young (112640K), 1 survivors (2048K)
 Metaspace       used 29460K, committed 29888K, reserved 1114112K
  class space    used 3232K, committed 3392K, reserved 1048576K
}
Event: 916.411 GC heap after
{Heap after GC invocations=11 (full 0):
 garbage-first heap   total 210944K, used 76081K [0x0000000748800000, 0x0000000800000000)
  region size 2048K, 1 young (2048K), 1 survivors (2048K)
 Metaspace       used 29460K, committed 29888K, reserved 1114112K
  class space    used 3232K, committed 3392K, reserved 1048576K
}
Event: 955.671 GC heap before
{Heap before GC invocations=11 (full 0):
 garbage-first heap   total 210944K, used 188721K [0x0000000748800000, 0x0000000800000000)
  region size 2048K, 57 young (116736K), 1 survivors (2048K)
 Metaspace       used 29507K, committed 29952K, reserved 1114112K
  class space    used 3232K, committed 3392K, reserved 1048576K
}
Event: 955.678 GC heap after
{Heap after GC invocations=12 (full 0):
 garbage-first heap   total 210944K, used 75962K [0x0000000748800000, 0x0000000800000000)
  region size 2048K, 1 young (2048K), 1 survivors (2048K)
 Metaspace       used 29507K, committed 29952K, reserved 1114112K
  class space    used 3232K, committed 3392K, reserved 1048576K
}

